The chromedriver version (142.0.7444.175) detected in PATH at /usr/local/bin/chromedriver might not be compatible with the detected chrome version (143.0.7499.40); currently, chromedriver 143.0.7499.40 is recommended for chrome 143.*, so it is advised to delete the driver in PATH and retry
papers len :  10
Unique author ids :  20
1th - Data lens : 16399, 
Time taken : 20.321855306625366 seconds


papers len :  10
Unique author ids :  23
2th - Data lens : 16422, 
Time taken : 22.99516010284424 seconds


papers len :  10
Unique author ids :  29
3th - Data lens : 16451, 
Time taken : 21.801081657409668 seconds


👀 Reading paper for 5.2 seconds
papers len :  10
Unique author ids :  18
4th - Data lens : 16469, 
Time taken : 29.689096212387085 seconds


papers len :  10
Unique author ids :  25
5th - Data lens : 16494, 
Time taken : 18.82686996459961 seconds


papers len :  10
Unique author ids :  24
6th - Data lens : 16518, 
Time taken : 22.733356952667236 seconds


papers len :  10
Unique author ids :  33
7th - Data lens : 16551, 
Time taken : 21.245713472366333 seconds


papers len :  10
Unique author ids :  37
8th - Data lens : 16588, 
Time taken : 17.75911831855774 seconds


papers len :  10
Unique author ids :  31
9th - Data lens : 16620, 
Time taken : 22.21092963218689 seconds


papers len :  10
Unique author ids :  33
10th - Data lens : 16653, 
Time taken : 26.74710178375244 seconds


papers len :  10
Unique author ids :  30
11th - Data lens : 16683, 
Time taken : 24.69407558441162 seconds


papers len :  10
Unique author ids :  35
12th - Data lens : 16718, 
Time taken : 21.598082542419434 seconds


papers len :  10
Unique author ids :  30
13th - Data lens : 16748, 
Time taken : 21.196061611175537 seconds


papers len :  10
Unique author ids :  18
14th - Data lens : 16766, 
Time taken : 20.87305474281311 seconds


papers len :  10
Unique author ids :  33
15th - Data lens : 16799, 
Time taken : 22.98711133003235 seconds


papers len :  10
Unique author ids :  17
16th - Data lens : 16816, 
Time taken : 23.170639753341675 seconds


papers len :  10
Unique author ids :  19
17th - Data lens : 16839, 
Time taken : 20.547707557678223 seconds


papers len :  10
Unique author ids :  24
18th - Data lens : 16864, 
Time taken : 27.12732982635498 seconds


papers len :  10
Unique author ids :  23
19th - Data lens : 16890, 
Time taken : 25.62517762184143 seconds


papers len :  10
Unique author ids :  27
20th - Data lens : 16917, 
Time taken : 23.44656538963318 seconds


papers len :  10
Unique author ids :  36
21th - Data lens : 16954, 
Time taken : 22.492199182510376 seconds


papers len :  10
Unique author ids :  23
22th - Data lens : 16977, 
Time taken : 24.526160717010498 seconds


papers len :  10
Unique author ids :  19
23th - Data lens : 16996, 
Time taken : 19.373889923095703 seconds


papers len :  10
Unique author ids :  20
24th - Data lens : 17016, 
Time taken : 18.580164670944214 seconds


👀 Reading paper for 7.3 seconds
papers len :  10
Unique author ids :  21
25th - Data lens : 17037, 
Time taken : 31.954965114593506 seconds


👀 Reading paper for 7.2 seconds
papers len :  10
Unique author ids :  18
26th - Data lens : 17056, 
Time taken : 28.13950777053833 seconds


papers len :  10
Unique author ids :  22
27th - Data lens : 17078, 
Time taken : 26.06855034828186 seconds


papers len :  10
Unique author ids :  26
28th - Data lens : 17105, 
Time taken : 18.09852147102356 seconds


papers len :  10
Unique author ids :  27
29th - Data lens : 17132, 
Time taken : 21.86934518814087 seconds


papers len :  10
Unique author ids :  40
30th - Data lens : 17172, 
Time taken : 20.953584909439087 seconds


🔄 Rebuilding driver...
The chromedriver version (142.0.7444.175) detected in PATH at /usr/local/bin/chromedriver might not be compatible with the detected chrome version (143.0.7499.40); currently, chromedriver 143.0.7499.40 is recommended for chrome 143.*, so it is advised to delete the driver in PATH and retry
papers len :  10
Unique author ids :  20
1th - Data lens : 17194, 
Time taken : 18.73243522644043 seconds


papers len :  10
Unique author ids :  23
2th - Data lens : 17217, 
Time taken : 24.01499080657959 seconds


papers len :  10
Unique author ids :  17
3th - Data lens : 17234, 
Time taken : 19.004873275756836 seconds


papers len :  10
Unique author ids :  14
4th - Data lens : 17248, 
Time taken : 17.8190438747406 seconds


papers len :  10
Unique author ids :  10
5th - Data lens : 17259, 
Time taken : 21.831412315368652 seconds


papers len :  10
Unique author ids :  25
6th - Data lens : 17284, 
Time taken : 19.917863607406616 seconds


papers len :  10
Unique author ids :  27
7th - Data lens : 17311, 
Time taken : 22.03344702720642 seconds


papers len :  10
Unique author ids :  24
8th - Data lens : 17335, 
Time taken : 24.602899312973022 seconds


papers len :  10
Unique author ids :  16
9th - Data lens : 17351, 
Time taken : 18.17041850090027 seconds


papers len :  10
Unique author ids :  19
10th - Data lens : 17370, 
Time taken : 25.492108583450317 seconds


papers len :  10
Unique author ids :  30
11th - Data lens : 17401, 
Time taken : 20.686469078063965 seconds


papers len :  10
Unique author ids :  24
12th - Data lens : 17425, 
Time taken : 20.980596780776978 seconds


👀 Reading paper for 7.0 seconds
papers len :  10
Unique author ids :  37
13th - Data lens : 17464, 
Time taken : 38.28949785232544 seconds


papers len :  10
Unique author ids :  23
14th - Data lens : 17487, 
Time taken : 21.75983691215515 seconds


papers len :  10
Unique author ids :  34
15th - Data lens : 17522, 
Time taken : 24.0927836894989 seconds


papers len :  10
Unique author ids :  25
16th - Data lens : 17548, 
Time taken : 23.873475074768066 seconds


papers len :  10
Unique author ids :  22
17th - Data lens : 17570, 
Time taken : 22.723372220993042 seconds


papers len :  10
Unique author ids :  21
18th - Data lens : 17591, 
Time taken : 16.63932156562805 seconds


papers len :  10
Unique author ids :  20
19th - Data lens : 17611, 
Time taken : 22.63997173309326 seconds


papers len :  10
Unique author ids :  26
20th - Data lens : 17637, 
Time taken : 27.205852508544922 seconds


papers len :  10
Unique author ids :  34
21th - Data lens : 17671, 
Time taken : 25.26688051223755 seconds


papers len :  10
Unique author ids :  24
22th - Data lens : 17695, 
Time taken : 25.79855751991272 seconds


papers len :  10
Unique author ids :  33
23th - Data lens : 17728, 
Time taken : 17.861534595489502 seconds


papers len :  10
Unique author ids :  39
24th - Data lens : 17768, 
Time taken : 22.16986894607544 seconds


papers len :  10
Unique author ids :  30
25th - Data lens : 17798, 
Time taken : 26.300907611846924 seconds


papers len :  10
Unique author ids :  22
26th - Data lens : 17820, 
Time taken : 23.571203231811523 seconds


papers len :  10
Unique author ids :  31
27th - Data lens : 17851, 
Time taken : 23.016310691833496 seconds


🔄 Rebuilding driver...
The chromedriver version (142.0.7444.175) detected in PATH at /usr/local/bin/chromedriver might not be compatible with the detected chrome version (143.0.7499.40); currently, chromedriver 143.0.7499.40 is recommended for chrome 143.*, so it is advised to delete the driver in PATH and retry
error  Message: invalid session id: session deleted as the browser has closed the connection
from disconnected: not connected to DevTools
  (Session info: chrome=143.0.7499.40)
Stacktrace:
#0 0x5e5762d344ca <unknown>
#1 0x5e5762782e4b <unknown>
#2 0x5e576276983e <unknown>
#3 0x5e5762791b2a <unknown>
#4 0x5e5762803e1f <unknown>
#5 0x5e5762821802 <unknown>
#6 0x5e57627c7c2a <unknown>
#7 0x5e57627c8931 <unknown>
#8 0x5e5762cfacf9 <unknown>
#9 0x5e5762cfdcdc <unknown>
#10 0x5e5762ce3f79 <unknown>
#11 0x5e5762cfe8b5 <unknown>
#12 0x5e5762ccb9c3 <unknown>
#13 0x5e5762d21228 <unknown>
#14 0x5e5762d21403 <unknown>
#15 0x5e5762d33463 <unknown>
#16 0x7270ef9b9609 start_thread

🔄 Rebuilding driver...
The chromedriver version (142.0.7444.175) detected in PATH at /usr/local/bin/chromedriver might not be compatible with the detected chrome version (143.0.7499.40); currently, chromedriver 143.0.7499.40 is recommended for chrome 143.*, so it is advised to delete the driver in PATH and retry
papers len :  10
Unique author ids :  22
2th - Data lens : 17873, 
Time taken : 17.227628231048584 seconds


papers len :  10
Unique author ids :  22
3th - Data lens : 17895, 
Time taken : 23.98557472229004 seconds


papers len :  10
Unique author ids :  18
4th - Data lens : 17913, 
Time taken : 23.863741636276245 seconds


papers len :  10
Unique author ids :  13
5th - Data lens : 17926, 
Time taken : 20.343590259552002 seconds


papers len :  10
Unique author ids :  25
6th - Data lens : 17951, 
Time taken : 18.15169405937195 seconds


papers len :  10
Unique author ids :  29
7th - Data lens : 17980, 
Time taken : 23.003615379333496 seconds


papers len :  10
Unique author ids :  15
8th - Data lens : 17995, 
Time taken : 24.82586169242859 seconds


papers len :  10
Unique author ids :  21
9th - Data lens : 18016, 
Time taken : 22.810184240341187 seconds


papers len :  10
Unique author ids :  37
10th - Data lens : 18054, 
Time taken : 25.133384227752686 seconds


papers len :  10
Unique author ids :  30
11th - Data lens : 18084, 
Time taken : 23.846983909606934 seconds


papers len :  10
Unique author ids :  30
12th - Data lens : 18114, 
Time taken : 23.456050395965576 seconds


papers len :  10
Unique author ids :  30
13th - Data lens : 18144, 
Time taken : 22.112399339675903 seconds


papers len :  10
Unique author ids :  21
14th - Data lens : 18165, 
Time taken : 23.4788556098938 seconds


papers len :  10
Unique author ids :  20
15th - Data lens : 18185, 
Time taken : 24.452715158462524 seconds


papers len :  10
Unique author ids :  20
16th - Data lens : 18205, 
Time taken : 12.104548454284668 seconds


papers len :  10
Unique author ids :  16
17th - Data lens : 18221, 
Time taken : 16.1413631439209 seconds


papers len :  10
Unique author ids :  24
18th - Data lens : 18245, 
Time taken : 17.694597959518433 seconds


papers len :  10
Unique author ids :  28
19th - Data lens : 18274, 
Time taken : 14.424610137939453 seconds


papers len :  10
Unique author ids :  30
20th - Data lens : 18304, 
Time taken : 19.27430820465088 seconds


👀 Reading paper for 5.4 seconds
papers len :  10
Unique author ids :  24
21th - Data lens : 18328, 
Time taken : 29.992486000061035 seconds


papers len :  10
Unique author ids :  26
22th - Data lens : 18354, 
Time taken : 15.612606048583984 seconds


papers len :  10
Unique author ids :  30
23th - Data lens : 18384, 
Time taken : 24.641940593719482 seconds


papers len :  10
Unique author ids :  27
24th - Data lens : 18411, 
Time taken : 24.821929216384888 seconds


papers len :  10
Unique author ids :  35
25th - Data lens : 18446, 
Time taken : 22.50636076927185 seconds


papers len :  10
Unique author ids :  30
26th - Data lens : 18476, 
Time taken : 26.07143545150757 seconds


papers len :  10
Unique author ids :  27
27th - Data lens : 18503, 
Time taken : 21.294650554656982 seconds


papers len :  10
Unique author ids :  28
28th - Data lens : 18531, 
Time taken : 22.740408658981323 seconds


papers len :  10
Unique author ids :  35
29th - Data lens : 18566, 
Time taken : 24.45431160926819 seconds


papers len :  10
Unique author ids :  18
30th - Data lens : 18584, 
Time taken : 27.398658990859985 seconds


🔄 Rebuilding driver...
The chromedriver version (142.0.7444.175) detected in PATH at /usr/local/bin/chromedriver might not be compatible with the detected chrome version (143.0.7499.40); currently, chromedriver 143.0.7499.40 is recommended for chrome 143.*, so it is advised to delete the driver in PATH and retry
papers len :  10
Unique author ids :  30
1th - Data lens : 18614, 
Time taken : 25.10172986984253 seconds


papers len :  10
Unique author ids :  32
2th - Data lens : 18646, 
Time taken : 24.952083110809326 seconds


papers len :  10
Unique author ids :  32
3th - Data lens : 18678, 
Time taken : 29.146660089492798 seconds


papers len :  10
Unique author ids :  27
4th - Data lens : 18705, 
Time taken : 23.28590226173401 seconds


papers len :  10
Unique author ids :  26
5th - Data lens : 18731, 
Time taken : 23.31785297393799 seconds


papers len :  10
Unique author ids :  27
6th - Data lens : 18758, 
Time taken : 19.427908658981323 seconds


papers len :  10
Unique author ids :  23
7th - Data lens : 18781, 
Time taken : 24.412225246429443 seconds


papers len :  10
Unique author ids :  13
8th - Data lens : 18794, 
Time taken : 20.089715480804443 seconds


papers len :  10
Unique author ids :  22
9th - Data lens : 18816, 
Time taken : 20.039209842681885 seconds


papers len :  10
Unique author ids :  25
10th - Data lens : 18841, 
Time taken : 24.25065279006958 seconds


papers len :  10
Unique author ids :  25
11th - Data lens : 18868, 
Time taken : 24.982711791992188 seconds


papers len :  10
Unique author ids :  32
12th - Data lens : 18901, 
Time taken : 23.68723750114441 seconds


papers len :  10
Unique author ids :  31
13th - Data lens : 18932, 
Time taken : 22.89637851715088 seconds


papers len :  10
Unique author ids :  34
14th - Data lens : 18966, 
Time taken : 16.231475353240967 seconds


papers len :  10
Unique author ids :  22
15th - Data lens : 18988, 
Time taken : 23.21526288986206 seconds


👀 Reading paper for 6.5 seconds
papers len :  10
Unique author ids :  20
16th - Data lens : 19010, 
Time taken : 37.63230061531067 seconds


👀 Reading paper for 5.7 seconds
papers len :  10
Unique author ids :  22
17th - Data lens : 19032, 
Time taken : 37.9645733833313 seconds


papers len :  10
Unique author ids :  39
18th - Data lens : 19071, 
Time taken : 23.55563497543335 seconds


papers len :  10
Unique author ids :  28
19th - Data lens : 19099, 
Time taken : 19.96682119369507 seconds


papers len :  10
Unique author ids :  31
20th - Data lens : 19130, 
Time taken : 20.348403930664062 seconds


papers len :  10
Unique author ids :  22
21th - Data lens : 19152, 
Time taken : 20.357243299484253 seconds


papers len :  10
Unique author ids :  28
22th - Data lens : 19180, 
Time taken : 18.9443781375885 seconds


👀 Reading paper for 9.9 seconds
papers len :  10
Unique author ids :  32
23th - Data lens : 19212, 
Time taken : 39.795700788497925 seconds


papers len :  10
Unique author ids :  22
24th - Data lens : 19234, 
Time taken : 19.21488046646118 seconds


papers len :  10
Unique author ids :  22
25th - Data lens : 19256, 
Time taken : 19.44741988182068 seconds


👀 Reading paper for 3.7 seconds
papers len :  10
Unique author ids :  19
26th - Data lens : 19275, 
Time taken : 39.82315278053284 seconds


papers len :  10
Unique author ids :  16
27th - Data lens : 19292, 
Time taken : 24.736476182937622 seconds


papers len :  10
Unique author ids :  29
28th - Data lens : 19321, 
Time taken : 20.681166172027588 seconds


papers len :  10
Unique author ids :  19
29th - Data lens : 19342, 
Time taken : 21.561322927474976 seconds


🔄 Rebuilding driver...
The chromedriver version (142.0.7444.175) detected in PATH at /usr/local/bin/chromedriver might not be compatible with the detected chrome version (143.0.7499.40); currently, chromedriver 143.0.7499.40 is recommended for chrome 143.*, so it is advised to delete the driver in PATH and retry
papers len :  10
Unique author ids :  27
1th - Data lens : 19369, 
Time taken : 20.15915036201477 seconds


papers len :  10
Unique author ids :  23
2th - Data lens : 19392, 
Time taken : 24.936095476150513 seconds


papers len :  10
Unique author ids :  24
3th - Data lens : 19417, 
Time taken : 24.317123651504517 seconds


papers len :  10
Unique author ids :  33
4th - Data lens : 19450, 
Time taken : 17.85389995574951 seconds


papers len :  10
Unique author ids :  20
5th - Data lens : 19470, 
Time taken : 26.15923762321472 seconds


papers len :  10
Unique author ids :  22
6th - Data lens : 19492, 
Time taken : 21.056333541870117 seconds


👀 Reading paper for 4.0 seconds
papers len :  10
Unique author ids :  18
7th - Data lens : 19510, 
Time taken : 32.21004915237427 seconds


papers len :  10
Unique author ids :  16
8th - Data lens : 19526, 
Time taken : 20.468729972839355 seconds


👀 Reading paper for 7.0 seconds
papers len :  10
Unique author ids :  7
9th - Data lens : 19533, 
Time taken : 32.381866216659546 seconds


papers len :  10
Unique author ids :  24
10th - Data lens : 19557, 
Time taken : 27.06971573829651 seconds


papers len :  10
Unique author ids :  29
11th - Data lens : 19586, 
Time taken : 23.576130151748657 seconds


papers len :  10
Unique author ids :  19
12th - Data lens : 19605, 
Time taken : 23.746834754943848 seconds


papers len :  10
Unique author ids :  34
13th - Data lens : 19639, 
Time taken : 26.034067630767822 seconds


papers len :  10
Unique author ids :  25
14th - Data lens : 19664, 
Time taken : 26.072600841522217 seconds


papers len :  10
Unique author ids :  23
15th - Data lens : 19687, 
Time taken : 16.092864751815796 seconds


papers len :  10
Unique author ids :  22
16th - Data lens : 19709, 
Time taken : 23.197147130966187 seconds


papers len :  10
Unique author ids :  37
17th - Data lens : 19746, 
Time taken : 27.154598712921143 seconds


papers len :  10
Unique author ids :  24
18th - Data lens : 19770, 
Time taken : 26.64207649230957 seconds


papers len :  10
Unique author ids :  22
19th - Data lens : 19793, 
Time taken : 20.165510654449463 seconds


papers len :  10
Unique author ids :  19
20th - Data lens : 19812, 
Time taken : 19.66629719734192 seconds


papers len :  10
Unique author ids :  32
21th - Data lens : 19844, 
Time taken : 22.49092745780945 seconds


papers len :  10
Unique author ids :  20
22th - Data lens : 19864, 
Time taken : 20.484424829483032 seconds


papers len :  10
Unique author ids :  23
23th - Data lens : 19887, 
Time taken : 23.150501012802124 seconds


papers len :  10
Unique author ids :  29
24th - Data lens : 19916, 
Time taken : 24.800182819366455 seconds


papers len :  10
Unique author ids :  39
25th - Data lens : 19955, 
Time taken : 22.97998046875 seconds


papers len :  10
Unique author ids :  30
26th - Data lens : 19985, 
Time taken : 25.87016010284424 seconds


papers len :  10
Unique author ids :  19
27th - Data lens : 20004, 
Time taken : 25.21378445625305 seconds


papers len :  10
Unique author ids :  25
28th - Data lens : 20029, 
Time taken : 27.384981632232666 seconds


papers len :  10
Unique author ids :  30
29th - Data lens : 20059, 
Time taken : 19.470438480377197 seconds


papers len :  10
Unique author ids :  22
30th - Data lens : 20081, 
Time taken : 17.193399906158447 seconds


papers len :  10
Unique author ids :  13
31th - Data lens : 20095, 
Time taken : 21.956183910369873 seconds


🔄 Rebuilding driver...
The chromedriver version (142.0.7444.175) detected in PATH at /usr/local/bin/chromedriver might not be compatible with the detected chrome version (143.0.7499.40); currently, chromedriver 143.0.7499.40 is recommended for chrome 143.*, so it is advised to delete the driver in PATH and retry
papers len :  10
Unique author ids :  23
1th - Data lens : 20118, 
Time taken : 21.79186701774597 seconds


papers len :  10
Unique author ids :  28
2th - Data lens : 20146, 
Time taken : 16.714030742645264 seconds


papers len :  10
Unique author ids :  32
3th - Data lens : 20178, 
Time taken : 19.814480543136597 seconds


papers len :  10
Unique author ids :  25
4th - Data lens : 20203, 
Time taken : 22.179588794708252 seconds


papers len :  10
Unique author ids :  28
5th - Data lens : 20238, 
Time taken : 20.482004165649414 seconds


papers len :  10
Unique author ids :  28
6th - Data lens : 20270, 
Time taken : 21.62713313102722 seconds


papers len :  10
Unique author ids :  28
7th - Data lens : 20300, 
Time taken : 23.82460045814514 seconds


papers len :  10
Unique author ids :  34
8th - Data lens : 20335, 
Time taken : 22.46487069129944 seconds


papers len :  10
Unique author ids :  22
9th - Data lens : 20357, 
Time taken : 22.105541467666626 seconds


papers len :  10
Unique author ids :  34
10th - Data lens : 20391, 
Time taken : 29.496206283569336 seconds


papers len :  10
Unique author ids :  23
11th - Data lens : 20414, 
Time taken : 22.13042902946472 seconds


papers len :  10
Unique author ids :  25
12th - Data lens : 20439, 
Time taken : 27.829479694366455 seconds


papers len :  10
Unique author ids :  26
13th - Data lens : 20465, 
Time taken : 24.523781061172485 seconds


papers len :  10
Unique author ids :  24
14th - Data lens : 20489, 
Time taken : 26.571191787719727 seconds


papers len :  10
Unique author ids :  25
15th - Data lens : 20514, 
Time taken : 18.468522548675537 seconds


papers len :  10
Unique author ids :  25
16th - Data lens : 20539, 
Time taken : 21.12609624862671 seconds


papers len :  10
Unique author ids :  29
17th - Data lens : 20568, 
Time taken : 20.908090829849243 seconds


papers len :  10
Unique author ids :  28
18th - Data lens : 20596, 
Time taken : 27.15465998649597 seconds


👀 Reading paper for 3.7 seconds
papers len :  10
Unique author ids :  32
19th - Data lens : 20629, 
Time taken : 31.53282403945923 seconds


papers len :  10
Unique author ids :  34
20th - Data lens : 20663, 
Time taken : 23.10128903388977 seconds


papers len :  10
Unique author ids :  28
21th - Data lens : 20693, 
Time taken : 25.87945294380188 seconds


papers len :  10
Unique author ids :  33
22th - Data lens : 20726, 
Time taken : 17.41372513771057 seconds


papers len :  10
Unique author ids :  25
23th - Data lens : 20751, 
Time taken : 21.602712631225586 seconds


papers len :  10
Unique author ids :  34
24th - Data lens : 20785, 
Time taken : 23.442904710769653 seconds


papers len :  10
Unique author ids :  26
25th - Data lens : 20811, 
Time taken : 19.341898202896118 seconds


papers len :  10
Unique author ids :  21
26th - Data lens : 20832, 
Time taken : 23.34762930870056 seconds


papers len :  10
Unique author ids :  29
27th - Data lens : 20861, 
Time taken : 21.071271181106567 seconds


papers len :  10
Unique author ids :  35
28th - Data lens : 20896, 
Time taken : 23.133256435394287 seconds


🔄 Rebuilding driver...
The chromedriver version (142.0.7444.175) detected in PATH at /usr/local/bin/chromedriver might not be compatible with the detected chrome version (143.0.7499.40); currently, chromedriver 143.0.7499.40 is recommended for chrome 143.*, so it is advised to delete the driver in PATH and retry
👀 Reading paper for 8.0 seconds
papers len :  10
Unique author ids :  27
1th - Data lens : 20923, 
Time taken : 41.58396053314209 seconds


papers len :  10
Unique author ids :  32
2th - Data lens : 20955, 
Time taken : 25.517173528671265 seconds


papers len :  10
Unique author ids :  31
3th - Data lens : 20986, 
Time taken : 23.639343738555908 seconds


papers len :  10
Unique author ids :  26
4th - Data lens : 21012, 
Time taken : 16.798858642578125 seconds


papers len :  10
Unique author ids :  27
5th - Data lens : 21039, 
Time taken : 21.156271934509277 seconds


papers len :  10
Unique author ids :  28
6th - Data lens : 21067, 
Time taken : 22.047911882400513 seconds


papers len :  10
Unique author ids :  12
7th - Data lens : 21079, 
Time taken : 22.56002402305603 seconds


papers len :  10
Unique author ids :  19
8th - Data lens : 21098, 
Time taken : 24.544196844100952 seconds


papers len :  10
Unique author ids :  28
9th - Data lens : 21131, 
Time taken : 18.089636087417603 seconds


papers len :  10
Unique author ids :  25
10th - Data lens : 21156, 
Time taken : 22.926680088043213 seconds


papers len :  10
Unique author ids :  24
11th - Data lens : 21182, 
Time taken : 25.06117534637451 seconds


👀 Reading paper for 8.6 seconds
papers len :  10
Unique author ids :  24
12th - Data lens : 21206, 
Time taken : 38.7305588722229 seconds


papers len :  10
Unique author ids :  21
13th - Data lens : 21227, 
Time taken : 22.443437576293945 seconds


papers len :  10
Unique author ids :  25
14th - Data lens : 21252, 
Time taken : 27.320759057998657 seconds


papers len :  10
Unique author ids :  18
15th - Data lens : 21270, 
Time taken : 21.461474657058716 seconds


papers len :  10
Unique author ids :  24
16th - Data lens : 21294, 
Time taken : 21.54654812812805 seconds


papers len :  10
Unique author ids :  25
17th - Data lens : 21319, 
Time taken : 15.673606872558594 seconds


papers len :  10
Unique author ids :  27
18th - Data lens : 21346, 
Time taken : 21.27642035484314 seconds


papers len :  10
Unique author ids :  26
19th - Data lens : 21372, 
Time taken : 17.36623978614807 seconds


papers len :  10
Unique author ids :  22
20th - Data lens : 21394, 
Time taken : 20.614794969558716 seconds


papers len :  10
Unique author ids :  20
21th - Data lens : 21414, 
Time taken : 22.86566925048828 seconds


papers len :  10
Unique author ids :  27
22th - Data lens : 21441, 
Time taken : 19.84080457687378 seconds


papers len :  10
Unique author ids :  19
23th - Data lens : 21460, 
Time taken : 20.265209674835205 seconds


papers len :  10
Unique author ids :  14
24th - Data lens : 21474, 
Time taken : 22.128811359405518 seconds


papers len :  10
Unique author ids :  26
25th - Data lens : 21500, 
Time taken : 22.441439628601074 seconds


papers len :  10
Unique author ids :  12
26th - Data lens : 21512, 
Time taken : 23.0348060131073 seconds


papers len :  10
Unique author ids :  23
27th - Data lens : 21535, 
Time taken : 22.993406534194946 seconds


🔄 Rebuilding driver...
The chromedriver version (142.0.7444.175) detected in PATH at /usr/local/bin/chromedriver might not be compatible with the detected chrome version (143.0.7499.40); currently, chromedriver 143.0.7499.40 is recommended for chrome 143.*, so it is advised to delete the driver in PATH and retry
papers len :  10
Unique author ids :  21
1th - Data lens : 21556, 
Time taken : 19.896013975143433 seconds


papers len :  10
Unique author ids :  22
2th - Data lens : 21578, 
Time taken : 23.677819967269897 seconds


papers len :  10
Unique author ids :  10
3th - Data lens : 21589, 
Time taken : 24.43211555480957 seconds


papers len :  10
Unique author ids :  29
4th - Data lens : 21618, 
Time taken : 19.730343103408813 seconds


papers len :  10
Unique author ids :  33
5th - Data lens : 21652, 
Time taken : 18.04842734336853 seconds


papers len :  10
Unique author ids :  28
6th - Data lens : 21680, 
Time taken : 23.418906688690186 seconds


papers len :  10
Unique author ids :  22
7th - Data lens : 21702, 
Time taken : 25.4899001121521 seconds


papers len :  10
Unique author ids :  23
8th - Data lens : 21725, 
Time taken : 26.06892704963684 seconds


papers len :  10
Unique author ids :  27
9th - Data lens : 21754, 
Time taken : 22.576613903045654 seconds


papers len :  10
Unique author ids :  23
10th - Data lens : 21778, 
Time taken : 16.684256315231323 seconds


papers len :  10
Unique author ids :  30
11th - Data lens : 21808, 
Time taken : 21.687639951705933 seconds


👀 Reading paper for 9.1 seconds
papers len :  10
Unique author ids :  23
12th - Data lens : 21832, 
Time taken : 32.37535786628723 seconds


papers len :  10
Unique author ids :  31
13th - Data lens : 21865, 
Time taken : 28.806448698043823 seconds


👀 Reading paper for 5.5 seconds
papers len :  10
Unique author ids :  18
14th - Data lens : 21883, 
Time taken : 31.800318241119385 seconds


papers len :  10
Unique author ids :  23
15th - Data lens : 21906, 
Time taken : 24.072559356689453 seconds


papers len :  10
Unique author ids :  22
16th - Data lens : 21928, 
Time taken : 29.71527934074402 seconds


papers len :  10
Unique author ids :  21
17th - Data lens : 21949, 
Time taken : 22.70832085609436 seconds


papers len :  10
Unique author ids :  29
18th - Data lens : 21978, 
Time taken : 18.89286231994629 seconds


papers len :  10
Unique author ids :  26
19th - Data lens : 22004, 
Time taken : 28.833237886428833 seconds


👀 Reading paper for 8.2 seconds
papers len :  10
Unique author ids :  33
20th - Data lens : 22037, 
Time taken : 41.46338963508606 seconds


papers len :  10
Unique author ids :  20
21th - Data lens : 22057, 
Time taken : 13.559909105300903 seconds


👀 Reading paper for 5.8 seconds
papers len :  10
Unique author ids :  31
22th - Data lens : 22088, 
Time taken : 27.827094793319702 seconds


papers len :  10
Unique author ids :  32
23th - Data lens : 22120, 
Time taken : 20.9222412109375 seconds


papers len :  10
Unique author ids :  25
24th - Data lens : 22145, 
Time taken : 18.246929168701172 seconds


papers len :  10
Unique author ids :  28
25th - Data lens : 22173, 
Time taken : 26.638797760009766 seconds


papers len :  10
Unique author ids :  31
26th - Data lens : 22204, 
Time taken : 21.466121435165405 seconds


papers len :  10
Unique author ids :  20
27th - Data lens : 22224, 
Time taken : 18.428426027297974 seconds


papers len :  10
Unique author ids :  22
28th - Data lens : 22246, 
Time taken : 23.129061937332153 seconds


papers len :  10
Unique author ids :  29
29th - Data lens : 22275, 
Time taken : 22.3984112739563 seconds


papers len :  10
Unique author ids :  18
30th - Data lens : 22293, 
Time taken : 19.780784368515015 seconds


👀 Reading paper for 3.6 seconds
papers len :  10
Unique author ids :  21
31th - Data lens : 22321, 
Time taken : 28.577432870864868 seconds


🔄 Rebuilding driver...
The chromedriver version (142.0.7444.175) detected in PATH at /usr/local/bin/chromedriver might not be compatible with the detected chrome version (143.0.7499.40); currently, chromedriver 143.0.7499.40 is recommended for chrome 143.*, so it is advised to delete the driver in PATH and retry
papers len :  10
Unique author ids :  27
1th - Data lens : 22348, 
Time taken : 19.907344818115234 seconds


papers len :  10
Unique author ids :  29
2th - Data lens : 22379, 
Time taken : 27.822062492370605 seconds


papers len :  10
Unique author ids :  28
3th - Data lens : 22407, 
Time taken : 26.564035892486572 seconds


papers len :  10
Unique author ids :  29
4th - Data lens : 22436, 
Time taken : 20.031978368759155 seconds


papers len :  10
Unique author ids :  22
5th - Data lens : 22458, 
Time taken : 17.6818106174469 seconds


👀 Reading paper for 8.9 seconds
papers len :  10
Unique author ids :  32
6th - Data lens : 22490, 
Time taken : 34.61902713775635 seconds


papers len :  10
Unique author ids :  35
7th - Data lens : 22525, 
Time taken : 20.62791085243225 seconds


papers len :  10
Unique author ids :  34
8th - Data lens : 22559, 
Time taken : 23.278130054473877 seconds


papers len :  10
Unique author ids :  25
9th - Data lens : 22584, 
Time taken : 24.051838636398315 seconds


papers len :  10
Unique author ids :  30
10th - Data lens : 22614, 
Time taken : 23.365335941314697 seconds


👀 Reading paper for 9.0 seconds
papers len :  10
Unique author ids :  23
11th - Data lens : 22637, 
Time taken : 43.23063111305237 seconds


papers len :  10
Unique author ids :  29
12th - Data lens : 22667, 
Time taken : 24.014784336090088 seconds


papers len :  10
Unique author ids :  35
13th - Data lens : 22702, 
Time taken : 27.493382453918457 seconds


papers len :  10
Unique author ids :  36
14th - Data lens : 22738, 
Time taken : 25.0704448223114 seconds


papers len :  10
Unique author ids :  33
15th - Data lens : 22771, 
Time taken : 16.375311136245728 seconds


papers len :  10
Unique author ids :  29
16th - Data lens : 22800, 
Time taken : 19.94685697555542 seconds


papers len :  10
Unique author ids :  34
17th - Data lens : 22834, 
Time taken : 22.750788688659668 seconds


papers len :  10
Unique author ids :  36
18th - Data lens : 22870, 
Time taken : 28.917856216430664 seconds


papers len :  10
Unique author ids :  38
19th - Data lens : 22908, 
Time taken : 25.505378007888794 seconds


papers len :  10
Unique author ids :  30
20th - Data lens : 22938, 
Time taken : 25.910621643066406 seconds


papers len :  10
Unique author ids :  23
21th - Data lens : 22961, 
Time taken : 23.309072256088257 seconds


papers len :  10
Unique author ids :  31
22th - Data lens : 22992, 
Time taken : 21.16800570487976 seconds


👀 Reading paper for 5.8 seconds
papers len :  10
Unique author ids :  28
23th - Data lens : 23028, 
Time taken : 31.984219312667847 seconds


papers len :  10
Unique author ids :  31
24th - Data lens : 23059, 
Time taken : 25.46518349647522 seconds


papers len :  10
Unique author ids :  28
25th - Data lens : 23087, 
Time taken : 25.391443967819214 seconds


papers len :  10
Unique author ids :  29
26th - Data lens : 23116, 
Time taken : 15.213120460510254 seconds


papers len :  10
Unique author ids :  26
27th - Data lens : 23142, 
Time taken : 20.861083269119263 seconds


papers len :  10
Unique author ids :  33
28th - Data lens : 23175, 
Time taken : 16.329062938690186 seconds


papers len :  10
Unique author ids :  28
29th - Data lens : 23203, 
Time taken : 19.144466161727905 seconds


papers len :  10
Unique author ids :  30
30th - Data lens : 23233, 
Time taken : 22.665966749191284 seconds


👀 Reading paper for 3.1 seconds
papers len :  10
Unique author ids :  21
31th - Data lens : 23255, 
Time taken : 32.64426231384277 seconds


papers len :  10
Unique author ids :  32
32th - Data lens : 23287, 
Time taken : 19.505093812942505 seconds


papers len :  10
Unique author ids :  24
33th - Data lens : 23311, 
Time taken : 20.47052574157715 seconds


👀 Reading paper for 9.5 seconds
papers len :  10
Unique author ids :  25
34th - Data lens : 23337, 
Time taken : 39.133774518966675 seconds


papers len :  10
Unique author ids :  18
35th - Data lens : 23355, 
Time taken : 22.054123401641846 seconds


papers len :  10
Unique author ids :  26
36th - Data lens : 23381, 
Time taken : 24.274571895599365 seconds


papers len :  10
Unique author ids :  30
37th - Data lens : 23411, 
Time taken : 19.752715826034546 seconds


papers len :  10
Unique author ids :  24
38th - Data lens : 23435, 
Time taken : 21.90149760246277 seconds


papers len :  10
Unique author ids :  35
39th - Data lens : 23470, 
Time taken : 28.861096620559692 seconds


papers len :  10
Unique author ids :  26
40th - Data lens : 23496, 
Time taken : 20.40927529335022 seconds


papers len :  10
Unique author ids :  25
41th - Data lens : 23525, 
Time taken : 22.62143063545227 seconds


👀 Reading paper for 9.9 seconds
papers len :  10
Unique author ids :  27
42th - Data lens : 23552, 
Time taken : 37.38204765319824 seconds


papers len :  10
Unique author ids :  29
43th - Data lens : 23581, 
Time taken : 24.68904972076416 seconds


papers len :  10
Unique author ids :  8
44th - Data lens : 23589, 
Time taken : 22.76064944267273 seconds


papers len :  10
Unique author ids :  33
45th - Data lens : 23622, 
Time taken : 25.006218433380127 seconds


papers len :  10
Unique author ids :  28
46th - Data lens : 23650, 
Time taken : 17.903544187545776 seconds


papers len :  10
Unique author ids :  38
47th - Data lens : 23688, 
Time taken : 19.23213219642639 seconds


papers len :  10
Unique author ids :  28
48th - Data lens : 23716, 
Time taken : 20.117247104644775 seconds


papers len :  10
Unique author ids :  30
49th - Data lens : 23748, 
Time taken : 23.52023220062256 seconds


papers len :  10
Unique author ids :  23
50th - Data lens : 23771, 
Time taken : 18.989572048187256 seconds


papers len :  10
Unique author ids :  23
51th - Data lens : 23794, 
Time taken : 23.297420263290405 seconds


papers len :  10
Unique author ids :  37
52th - Data lens : 23833, 
Time taken : 27.164479732513428 seconds


papers len :  10
Unique author ids :  19
53th - Data lens : 23852, 
Time taken : 19.757307767868042 seconds


papers len :  10
Unique author ids :  34
54th - Data lens : 23886, 
Time taken : 25.70288872718811 seconds


papers len :  10
Unique author ids :  29
55th - Data lens : 23915, 
Time taken : 22.91959261894226 seconds


papers len :  10
Unique author ids :  26
56th - Data lens : 23941, 
Time taken : 27.17628312110901 seconds


papers len :  10
Unique author ids :  31
57th - Data lens : 23972, 
Time taken : 24.693522214889526 seconds


papers len :  10
Unique author ids :  22
58th - Data lens : 23994, 
Time taken : 24.97963786125183 seconds


papers len :  10
Unique author ids :  23
59th - Data lens : 24017, 
Time taken : 18.08288049697876 seconds


papers len :  10
Unique author ids :  22
60th - Data lens : 24039, 
Time taken : 20.845978498458862 seconds


papers len :  10
Unique author ids :  22
61th - Data lens : 24061, 
Time taken : 24.39999771118164 seconds


papers len :  10
Unique author ids :  15
62th - Data lens : 24076, 
Time taken : 21.752050399780273 seconds


papers len :  10
Unique author ids :  23
63th - Data lens : 24099, 
Time taken : 25.01701021194458 seconds


papers len :  10
Unique author ids :  23
64th - Data lens : 24122, 
Time taken : 25.050340175628662 seconds


papers len :  10
Unique author ids :  40
65th - Data lens : 24163, 
Time taken : 24.511528968811035 seconds


papers len :  10
Unique author ids :  34
66th - Data lens : 24198, 
Time taken : 15.890647649765015 seconds


papers len :  10
Unique author ids :  25
67th - Data lens : 24223, 
Time taken : 27.617581605911255 seconds


papers len :  10
Unique author ids :  33
68th - Data lens : 24256, 
Time taken : 18.72239351272583 seconds


papers len :  10
Unique author ids :  23
69th - Data lens : 24279, 
Time taken : 20.576693296432495 seconds


papers len :  10
Unique author ids :  25
70th - Data lens : 24304, 
Time taken : 22.90291690826416 seconds


👀 Reading paper for 5.2 seconds
papers len :  10
Unique author ids :  34
71th - Data lens : 24338, 
Time taken : 33.72744822502136 seconds


papers len :  10
Unique author ids :  31
72th - Data lens : 24369, 
Time taken : 30.33694076538086 seconds


papers len :  10
Unique author ids :  13
73th - Data lens : 24382, 
Time taken : 19.79591131210327 seconds


👀 Reading paper for 5.8 seconds
papers len :  10
Unique author ids :  23
74th - Data lens : 24405, 
Time taken : 38.080238580703735 seconds


👀 Reading paper for 4.3 seconds
papers len :  10
Unique author ids :  22
75th - Data lens : 24427, 
Time taken : 38.57157516479492 seconds


papers len :  10
Unique author ids :  16
76th - Data lens : 24443, 
Time taken : 28.008984565734863 seconds


papers len :  10
Unique author ids :  16
77th - Data lens : 24459, 
Time taken : 20.74438166618347 seconds


papers len :  10
Unique author ids :  26
78th - Data lens : 24485, 
Time taken : 25.71107578277588 seconds


papers len :  10
Unique author ids :  30
79th - Data lens : 24515, 
Time taken : 29.298617839813232 seconds


papers len :  10
Unique author ids :  27
80th - Data lens : 24542, 
Time taken : 25.77446746826172 seconds


papers len :  10
Unique author ids :  34
81th - Data lens : 24576, 
Time taken : 18.606890201568604 seconds


papers len :  10
Unique author ids :  23
82th - Data lens : 24599, 
Time taken : 17.608505725860596 seconds


papers len :  10
Unique author ids :  21
83th - Data lens : 24620, 
Time taken : 17.95558452606201 seconds


papers len :  10
Unique author ids :  24
84th - Data lens : 24644, 
Time taken : 21.87052607536316 seconds


papers len :  10
Unique author ids :  27
85th - Data lens : 24671, 
Time taken : 22.93342137336731 seconds


papers len :  10
Unique author ids :  22
86th - Data lens : 24694, 
Time taken : 27.357810497283936 seconds


papers len :  10
Unique author ids :  20
87th - Data lens : 24714, 
Time taken : 25.693533897399902 seconds


papers len :  10
Unique author ids :  32
88th - Data lens : 24746, 
Time taken : 30.31063222885132 seconds


papers len :  10
Unique author ids :  21
89th - Data lens : 24767, 
Time taken : 27.89765501022339 seconds


papers len :  10
Unique author ids :  28
90th - Data lens : 24795, 
Time taken : 26.528724193572998 seconds


papers len :  10
Unique author ids :  36
91th - Data lens : 24831, 
Time taken : 16.88556408882141 seconds


papers len :  10
Unique author ids :  39
92th - Data lens : 24870, 
Time taken : 19.105136394500732 seconds


papers len :  10
Unique author ids :  24
93th - Data lens : 24894, 
Time taken : 27.179572582244873 seconds


👀 Reading paper for 5.7 seconds
papers len :  10
Unique author ids :  18
94th - Data lens : 24912, 
Time taken : 38.81011772155762 seconds


papers len :  10
Unique author ids :  16
95th - Data lens : 24928, 
Time taken : 16.81410050392151 seconds


papers len :  10
Unique author ids :  18
96th - Data lens : 24947, 
Time taken : 18.53916597366333 seconds


papers len :  10
Unique author ids :  21
97th - Data lens : 24968, 
Time taken : 26.303146600723267 seconds


papers len :  10
No new data found speech kim
🔄 Rebuilding driver...
The chromedriver version (142.0.7444.175) detected in PATH at /usr/local/bin/chromedriver might not be compatible with the detected chrome version (143.0.7499.40); currently, chromedriver 143.0.7499.40 is recommended for chrome 143.*, so it is advised to delete the driver in PATH and retry
The chromedriver version (142.0.7444.175) detected in PATH at /usr/local/bin/chromedriver might not be compatible with the detected chrome version (143.0.7499.40); currently, chromedriver 143.0.7499.40 is recommended for chrome 143.*, so it is advised to delete the driver in PATH and retry
papers len :  10
Unique author ids :  22
1th - Data lens : 24990, 
Time taken : 22.37327766418457 seconds


papers len :  10
Unique author ids :  32
2th - Data lens : 25022, 
Time taken : 25.781734466552734 seconds


👀 Reading paper for 8.4 seconds
papers len :  10
Unique author ids :  25
3th - Data lens : 25047, 
Time taken : 40.51680302619934 seconds


scroll error: Message: invalid session id: session deleted as the browser has closed the connection
from disconnected: not connected to DevTools
  (Session info: chrome=143.0.7499.40)
Stacktrace:
#0 0x56ea78b214ca <unknown>
#1 0x56ea7856fe4b <unknown>
#2 0x56ea7855683e <unknown>
#3 0x56ea7857eb2a <unknown>
#4 0x56ea785f0e1f <unknown>
#5 0x56ea7860e802 <unknown>
#6 0x56ea785b4c2a <unknown>
#7 0x56ea785b5931 <unknown>
#8 0x56ea78ae7cf9 <unknown>
#9 0x56ea78aeacdc <unknown>
#10 0x56ea78ad0f79 <unknown>
#11 0x56ea78aeb8b5 <unknown>
#12 0x56ea78ab89c3 <unknown>
#13 0x56ea78b0e228 <unknown>
#14 0x56ea78b0e403 <unknown>
#15 0x56ea78b20463 <unknown>
#16 0x71b813726609 start_thread

error  Message: invalid session id
Stacktrace:
#0 0x56ea78b214ca <unknown>
#1 0x56ea7856fc78 <unknown>
#2 0x56ea785b3d92 <unknown>
#3 0x56ea785e8656 <unknown>
#4 0x56ea785e2c90 <unknown>
#5 0x56ea785e1fe2 <unknown>
#6 0x56ea78536f85 <unknown>
#7 0x56ea78ae7cf9 <unknown>
#8 0x56ea78aeacdc <unknown>
#9 0x56ea78ad0f79 <unknown>
#10 0x56ea78aeb8b5 <unknown>
#11 0x56ea78ab89c3 <unknown>
#12 0x56ea785347f2 <unknown>
#13 0x71b813070083 __libc_start_main

🔄 Rebuilding driver...
The chromedriver version (142.0.7444.175) detected in PATH at /usr/local/bin/chromedriver might not be compatible with the detected chrome version (143.0.7499.40); currently, chromedriver 143.0.7499.40 is recommended for chrome 143.*, so it is advised to delete the driver in PATH and retry
papers len :  10
Unique author ids :  21
5th - Data lens : 25068, 
Time taken : 24.253365755081177 seconds


papers len :  10
Unique author ids :  27
6th - Data lens : 25096, 
Time taken : 22.603623390197754 seconds


papers len :  10
Unique author ids :  24
7th - Data lens : 25120, 
Time taken : 22.755091667175293 seconds


papers len :  10
Unique author ids :  24
8th - Data lens : 25145, 
Time taken : 25.56672739982605 seconds


papers len :  10
Unique author ids :  30
9th - Data lens : 25175, 
Time taken : 15.977213621139526 seconds


papers len :  10
Unique author ids :  25
10th - Data lens : 25200, 
Time taken : 23.58647632598877 seconds


papers len :  10
Unique author ids :  29
11th - Data lens : 25229, 
Time taken : 19.4210147857666 seconds


👀 Reading paper for 6.2 seconds
papers len :  10
Unique author ids :  29
12th - Data lens : 25258, 
Time taken : 38.143691301345825 seconds


👀 Reading paper for 6.9 seconds
papers len :  10
Unique author ids :  27
13th - Data lens : 25285, 
Time taken : 43.01231551170349 seconds


papers len :  10
Unique author ids :  36
14th - Data lens : 25321, 
Time taken : 25.550862789154053 seconds


papers len :  10
Unique author ids :  24
15th - Data lens : 25346, 
Time taken : 24.282113552093506 seconds


👀 Reading paper for 5.6 seconds
papers len :  10
Unique author ids :  24
16th - Data lens : 25370, 
Time taken : 29.662150859832764 seconds


papers len :  10
Unique author ids :  24
17th - Data lens : 25396, 
Time taken : 23.082053422927856 seconds


papers len :  10
Unique author ids :  27
18th - Data lens : 25423, 
Time taken : 27.50987219810486 seconds


papers len :  10
Unique author ids :  25
19th - Data lens : 25448, 
Time taken : 27.14038395881653 seconds


papers len :  10
Unique author ids :  25
20th - Data lens : 25473, 
Time taken : 18.50448179244995 seconds


papers len :  10
Unique author ids :  32
21th - Data lens : 25505, 
Time taken : 21.465298652648926 seconds


papers len :  10
Unique author ids :  22
22th - Data lens : 25528, 
Time taken : 29.13033437728882 seconds


papers len :  10
Unique author ids :  21
23th - Data lens : 25549, 
Time taken : 20.866746187210083 seconds


papers len :  10
Unique author ids :  25
24th - Data lens : 25574, 
Time taken : 20.958564281463623 seconds


papers len :  10
Unique author ids :  24
25th - Data lens : 25598, 
Time taken : 25.511143684387207 seconds


👀 Reading paper for 5.6 seconds
papers len :  10
Unique author ids :  28
26th - Data lens : 25627, 
Time taken : 35.85811471939087 seconds


papers len :  10
Unique author ids :  37
27th - Data lens : 25665, 
Time taken : 28.355743408203125 seconds


papers len :  10
Unique author ids :  31
28th - Data lens : 25696, 
Time taken : 28.948427438735962 seconds


papers len :  10
Unique author ids :  32
29th - Data lens : 25728, 
Time taken : 26.40175747871399 seconds


papers len :  10
Unique author ids :  26
30th - Data lens : 25754, 
Time taken : 27.366051197052002 seconds


papers len :  10
Unique author ids :  23
31th - Data lens : 25777, 
Time taken : 22.93704056739807 seconds


papers len :  10
Unique author ids :  29
32th - Data lens : 25806, 
Time taken : 19.434291124343872 seconds


papers len :  10
Unique author ids :  21
33th - Data lens : 25827, 
Time taken : 24.294841527938843 seconds


papers len :  10
Unique author ids :  32
34th - Data lens : 25859, 
Time taken : 17.990026712417603 seconds


papers len :  10
Unique author ids :  30
35th - Data lens : 25889, 
Time taken : 20.20456552505493 seconds


solving the above CAPTCHA
🔄 Rebuilding driver...
The chromedriver version (142.0.7444.175) detected in PATH at /usr/local/bin/chromedriver might not be compatible with the detected chrome version (143.0.7499.40); currently, chromedriver 143.0.7499.40 is recommended for chrome 143.*, so it is advised to delete the driver in PATH and retry
solving the above CAPTCHA
🔄 Rebuilding driver...
The chromedriver version (142.0.7444.175) detected in PATH at /usr/local/bin/chromedriver might not be compatible with the detected chrome version (143.0.7499.40); currently, chromedriver 143.0.7499.40 is recommended for chrome 143.*, so it is advised to delete the driver in PATH and retry
